<?xml version="1.0" encoding="UTF-8"?>
<!-- Generated by org.testng.reporters.JUnitXMLReporter -->
<testsuite ignored="0" hostname="LAPTOP-85UB51TR" failures="0" tests="4" name="Default test" time="38.22" errors="0" timestamp="2022-02-21T23:27:58 IST">
  <testcase classname="Testcases.Test1" name="logintest" time="14.119"/>
  <testcase classname="Testcases.Test1" name="selectinvnttest" time="0.566"/>
  <testcase classname="Testcases.Test1" name="createprdtest" time="13.109"/>
  <testcase classname="Testcases.Test1" name="createmanufacturingordertest" time="10.383"/>
</testsuite> <!-- Default test -->
