<?xml version="1.0" encoding="UTF-8"?>
<testng-results ignored="0" total="4" passed="4" failed="0" skipped="0">
  <reporter-output>
  </reporter-output>
  <suite started-at="2022-02-21T23:27:20 IST" name="Default suite" finished-at="2022-02-21T23:27:58 IST" duration-ms="38220">
    <groups>
    </groups>
    <test started-at="2022-02-21T23:27:20 IST" name="Default test" finished-at="2022-02-21T23:27:58 IST" duration-ms="38220">
      <class name="Testcases.Test1">
        <test-method signature="logintest()[pri:0, instance:Testcases.Test1@58695725]" started-at="2022-02-21T23:27:20 IST" name="logintest" finished-at="2022-02-21T23:27:34 IST" duration-ms="14119" status="PASS">
          <reporter-output>
          </reporter-output>
        </test-method> <!-- logintest -->
        <test-method signature="selectinvnttest()[pri:1, instance:Testcases.Test1@58695725]" started-at="2022-02-21T23:27:34 IST" name="selectinvnttest" finished-at="2022-02-21T23:27:35 IST" duration-ms="566" status="PASS">
          <reporter-output>
          </reporter-output>
        </test-method> <!-- selectinvnttest -->
        <test-method signature="createprdtest()[pri:2, instance:Testcases.Test1@58695725]" started-at="2022-02-21T23:27:35 IST" name="createprdtest" finished-at="2022-02-21T23:27:48 IST" duration-ms="13109" status="PASS">
          <reporter-output>
          </reporter-output>
        </test-method> <!-- createprdtest -->
        <test-method signature="createmanufacturingordertest()[pri:3, instance:Testcases.Test1@58695725]" started-at="2022-02-21T23:27:48 IST" name="createmanufacturingordertest" finished-at="2022-02-21T23:27:58 IST" duration-ms="10383" status="PASS">
          <reporter-output>
          </reporter-output>
        </test-method> <!-- createmanufacturingordertest -->
      </class> <!-- Testcases.Test1 -->
    </test> <!-- Default test -->
  </suite> <!-- Default suite -->
</testng-results>
